Removed Pin From Net: NetName=NetC1_U_Driver High Current1_2 Pin=C1_U_Driver High Current1-2
Removed Pin From Net: NetName=NetC1_U_Driver High Current1_2 Pin=C1_U_Driver High Current2-2
Removed Pin From Net: NetName=NetC1_U_Driver High Current1_2 Pin=C1_U_Driver High Current4-2
Removed Pin From Net: NetName=NetC1_U_Driver High Current1_2 Pin=C1_U_Driver High Current5-2
Removed Pin From Net: NetName=NetC1_U_Driver High Current1_2 Pin=C1_U_Driver High Current6-2
Removed Pin From Net: NetName=NetC1_U_Driver High Current1_2 Pin=C2_U_Driver High Current1-1
Removed Pin From Net: NetName=NetC1_U_Driver High Current1_2 Pin=C2_U_Driver High Current2-1
Removed Pin From Net: NetName=NetC1_U_Driver High Current1_2 Pin=C2_U_Driver High Current4-1
Removed Pin From Net: NetName=NetC1_U_Driver High Current1_2 Pin=C2_U_Driver High Current5-1
Removed Pin From Net: NetName=NetC1_U_Driver High Current1_2 Pin=C2_U_Driver High Current6-1
Removed Pin From Net: NetName=NetC1_U_Driver High Current1_2 Pin=C3_U_Driver High Current1-1
Removed Pin From Net: NetName=NetC1_U_Driver High Current1_2 Pin=C3_U_Driver High Current2-1
Removed Pin From Net: NetName=NetC1_U_Driver High Current1_2 Pin=C3_U_Driver High Current4-1
Removed Pin From Net: NetName=NetC1_U_Driver High Current1_2 Pin=C3_U_Driver High Current5-1
Removed Pin From Net: NetName=NetC1_U_Driver High Current1_2 Pin=C3_U_Driver High Current6-1
Removed Pin From Net: NetName=NetC1_U_Driver High Current1_2 Pin=Q1_U_Driver High Current1-1
Removed Pin From Net: NetName=NetC1_U_Driver High Current1_2 Pin=Q1_U_Driver High Current1-2
Removed Pin From Net: NetName=NetC1_U_Driver High Current1_2 Pin=Q1_U_Driver High Current1-3
Removed Pin From Net: NetName=NetC1_U_Driver High Current1_2 Pin=Q1_U_Driver High Current2-1
Removed Pin From Net: NetName=NetC1_U_Driver High Current1_2 Pin=Q1_U_Driver High Current2-2
Removed Pin From Net: NetName=NetC1_U_Driver High Current1_2 Pin=Q1_U_Driver High Current2-3
Removed Pin From Net: NetName=NetC1_U_Driver High Current1_2 Pin=Q1_U_Driver High Current4-1
Removed Pin From Net: NetName=NetC1_U_Driver High Current1_2 Pin=Q1_U_Driver High Current4-2
Removed Pin From Net: NetName=NetC1_U_Driver High Current1_2 Pin=Q1_U_Driver High Current4-3
Removed Pin From Net: NetName=NetC1_U_Driver High Current1_2 Pin=Q1_U_Driver High Current5-1
Removed Pin From Net: NetName=NetC1_U_Driver High Current1_2 Pin=Q1_U_Driver High Current5-2
Removed Pin From Net: NetName=NetC1_U_Driver High Current1_2 Pin=Q1_U_Driver High Current5-3
Removed Pin From Net: NetName=NetC1_U_Driver High Current1_2 Pin=Q1_U_Driver High Current6-1
Removed Pin From Net: NetName=NetC1_U_Driver High Current1_2 Pin=Q1_U_Driver High Current6-2
Removed Pin From Net: NetName=NetC1_U_Driver High Current1_2 Pin=Q1_U_Driver High Current6-3
Removed Pin From Net: NetName=NetC1_U_Driver High Current1_2 Pin=Q2_U_Driver High Current1-5
Removed Pin From Net: NetName=NetC1_U_Driver High Current1_2 Pin=Q2_U_Driver High Current1-6
Removed Pin From Net: NetName=NetC1_U_Driver High Current1_2 Pin=Q2_U_Driver High Current1-7
Removed Pin From Net: NetName=NetC1_U_Driver High Current1_2 Pin=Q2_U_Driver High Current1-8
Removed Pin From Net: NetName=NetC1_U_Driver High Current1_2 Pin=Q2_U_Driver High Current2-5
Removed Pin From Net: NetName=NetC1_U_Driver High Current1_2 Pin=Q2_U_Driver High Current2-6
Removed Pin From Net: NetName=NetC1_U_Driver High Current1_2 Pin=Q2_U_Driver High Current2-7
Removed Pin From Net: NetName=NetC1_U_Driver High Current1_2 Pin=Q2_U_Driver High Current2-8
Removed Pin From Net: NetName=NetC1_U_Driver High Current1_2 Pin=Q2_U_Driver High Current4-5
Removed Pin From Net: NetName=NetC1_U_Driver High Current1_2 Pin=Q2_U_Driver High Current4-6
Removed Pin From Net: NetName=NetC1_U_Driver High Current1_2 Pin=Q2_U_Driver High Current4-7
Removed Pin From Net: NetName=NetC1_U_Driver High Current1_2 Pin=Q2_U_Driver High Current4-8
Removed Pin From Net: NetName=NetC1_U_Driver High Current1_2 Pin=Q2_U_Driver High Current5-5
Removed Pin From Net: NetName=NetC1_U_Driver High Current1_2 Pin=Q2_U_Driver High Current5-6
Removed Pin From Net: NetName=NetC1_U_Driver High Current1_2 Pin=Q2_U_Driver High Current5-7
Removed Pin From Net: NetName=NetC1_U_Driver High Current1_2 Pin=Q2_U_Driver High Current5-8
Removed Pin From Net: NetName=NetC1_U_Driver High Current1_2 Pin=Q2_U_Driver High Current6-5
Removed Pin From Net: NetName=NetC1_U_Driver High Current1_2 Pin=Q2_U_Driver High Current6-6
Removed Pin From Net: NetName=NetC1_U_Driver High Current1_2 Pin=Q2_U_Driver High Current6-7
Removed Pin From Net: NetName=NetC1_U_Driver High Current1_2 Pin=Q2_U_Driver High Current6-8
Removed Pin From Net: NetName=NetC1_U_Driver High Current1_2 Pin=U1_U_Driver High Current1-6
Removed Pin From Net: NetName=NetC1_U_Driver High Current1_2 Pin=U1_U_Driver High Current2-6
Removed Pin From Net: NetName=NetC1_U_Driver High Current1_2 Pin=U1_U_Driver High Current4-6
Removed Pin From Net: NetName=NetC1_U_Driver High Current1_2 Pin=U1_U_Driver High Current5-6
Removed Pin From Net: NetName=NetC1_U_Driver High Current1_2 Pin=U1_U_Driver High Current6-6
Added Component: Designator=P2(ATX 2PIN)
Added Component: Designator=P3(ATX 2PIN)
Added Component: Designator=P4(ATX 2PIN)
Added Pin To Net: NetName=NetC1_U_Driver High Current1_2 Pin=P3-1
Change Net Name : Old Net Name=NetC1_U_Driver High Current1_2 New Net Name=OUT3
Added Pin To Net: NetName=OUT1 Pin=C1_U_Driver High Current1-2
Added Pin To Net: NetName=OUT1 Pin=C2_U_Driver High Current1-1
Added Pin To Net: NetName=OUT1 Pin=C3_U_Driver High Current1-1
Added Pin To Net: NetName=OUT1 Pin=P2-1
Added Pin To Net: NetName=OUT1 Pin=Q1_U_Driver High Current1-1
Added Pin To Net: NetName=OUT1 Pin=Q1_U_Driver High Current1-2
Added Pin To Net: NetName=OUT1 Pin=Q1_U_Driver High Current1-3
Added Pin To Net: NetName=OUT1 Pin=Q2_U_Driver High Current1-5
Added Pin To Net: NetName=OUT1 Pin=Q2_U_Driver High Current1-6
Added Pin To Net: NetName=OUT1 Pin=Q2_U_Driver High Current1-7
Added Pin To Net: NetName=OUT1 Pin=Q2_U_Driver High Current1-8
Added Pin To Net: NetName=OUT1 Pin=U1_U_Driver High Current1-6
Added Net: Name=OUT1
Added Pin To Net: NetName=OUT2 Pin=C1_U_Driver High Current2-2
Added Pin To Net: NetName=OUT2 Pin=C2_U_Driver High Current2-1
Added Pin To Net: NetName=OUT2 Pin=C3_U_Driver High Current2-1
Added Pin To Net: NetName=OUT2 Pin=P2-2
Added Pin To Net: NetName=OUT2 Pin=Q1_U_Driver High Current2-1
Added Pin To Net: NetName=OUT2 Pin=Q1_U_Driver High Current2-2
Added Pin To Net: NetName=OUT2 Pin=Q1_U_Driver High Current2-3
Added Pin To Net: NetName=OUT2 Pin=Q2_U_Driver High Current2-5
Added Pin To Net: NetName=OUT2 Pin=Q2_U_Driver High Current2-6
Added Pin To Net: NetName=OUT2 Pin=Q2_U_Driver High Current2-7
Added Pin To Net: NetName=OUT2 Pin=Q2_U_Driver High Current2-8
Added Pin To Net: NetName=OUT2 Pin=U1_U_Driver High Current2-6
Added Net: Name=OUT2
Added Pin To Net: NetName=OUT4 Pin=C1_U_Driver High Current4-2
Added Pin To Net: NetName=OUT4 Pin=C2_U_Driver High Current4-1
Added Pin To Net: NetName=OUT4 Pin=C3_U_Driver High Current4-1
Added Pin To Net: NetName=OUT4 Pin=P3-2
Added Pin To Net: NetName=OUT4 Pin=Q1_U_Driver High Current4-1
Added Pin To Net: NetName=OUT4 Pin=Q1_U_Driver High Current4-2
Added Pin To Net: NetName=OUT4 Pin=Q1_U_Driver High Current4-3
Added Pin To Net: NetName=OUT4 Pin=Q2_U_Driver High Current4-5
Added Pin To Net: NetName=OUT4 Pin=Q2_U_Driver High Current4-6
Added Pin To Net: NetName=OUT4 Pin=Q2_U_Driver High Current4-7
Added Pin To Net: NetName=OUT4 Pin=Q2_U_Driver High Current4-8
Added Pin To Net: NetName=OUT4 Pin=U1_U_Driver High Current4-6
Added Net: Name=OUT4
Added Pin To Net: NetName=OUT5 Pin=C1_U_Driver High Current5-2
Added Pin To Net: NetName=OUT5 Pin=C2_U_Driver High Current5-1
Added Pin To Net: NetName=OUT5 Pin=C3_U_Driver High Current5-1
Added Pin To Net: NetName=OUT5 Pin=P4-1
Added Pin To Net: NetName=OUT5 Pin=Q1_U_Driver High Current5-1
Added Pin To Net: NetName=OUT5 Pin=Q1_U_Driver High Current5-2
Added Pin To Net: NetName=OUT5 Pin=Q1_U_Driver High Current5-3
Added Pin To Net: NetName=OUT5 Pin=Q2_U_Driver High Current5-5
Added Pin To Net: NetName=OUT5 Pin=Q2_U_Driver High Current5-6
Added Pin To Net: NetName=OUT5 Pin=Q2_U_Driver High Current5-7
Added Pin To Net: NetName=OUT5 Pin=Q2_U_Driver High Current5-8
Added Pin To Net: NetName=OUT5 Pin=U1_U_Driver High Current5-6
Added Net: Name=OUT5
Added Pin To Net: NetName=OUT6 Pin=C1_U_Driver High Current6-2
Added Pin To Net: NetName=OUT6 Pin=C2_U_Driver High Current6-1
Added Pin To Net: NetName=OUT6 Pin=C3_U_Driver High Current6-1
Added Pin To Net: NetName=OUT6 Pin=P4-2
Added Pin To Net: NetName=OUT6 Pin=Q1_U_Driver High Current6-1
Added Pin To Net: NetName=OUT6 Pin=Q1_U_Driver High Current6-2
Added Pin To Net: NetName=OUT6 Pin=Q1_U_Driver High Current6-3
Added Pin To Net: NetName=OUT6 Pin=Q2_U_Driver High Current6-5
Added Pin To Net: NetName=OUT6 Pin=Q2_U_Driver High Current6-6
Added Pin To Net: NetName=OUT6 Pin=Q2_U_Driver High Current6-7
Added Pin To Net: NetName=OUT6 Pin=Q2_U_Driver High Current6-8
Added Pin To Net: NetName=OUT6 Pin=U1_U_Driver High Current6-6
Added Net: Name=OUT6
Added Class: Name=OUT[1..6]
Added Member To Class: ClassName=main Member=Component P2 M1
Added Member To Class: ClassName=main Member=Component P3 M2
Added Member To Class: ClassName=main Member=Component P4 M3
